<root>
    <mapping name="onePropMapping">
        <property name="name" />
    </mapping>

    <mapping name="lineMapping">
        <property name="name" />
        <property name="timeZone" />
        <property name="x" />
        <property name="y" />
        <property name="timeZoneName" />
    </mapping>

    <mapping name="treeMapping">
        <property name="name" />
        <property name="timeZone" />
        <property name="coords">
            <property name="x" />
            <property name="y" />
        </property>
        <property name="timeZoneName" />
    </mapping>

	<mapping name="mappingWithRest">
		<property name="prop1" />
		<property name="prop2" />
        <property name="restProp" type="rest" />
	</mapping>
</root>
